<?xml version="1.0" encoding="UTF-8"?>
<!-- Generated by org.testng.reporters.JUnitXMLReporter -->
<testsuite ignored="0" hostname="belestiy" failures="0" tests="5" name="Default test" time="65.019" errors="0" timestamp="2022-11-01T09:28:47 EAT">
  <testcase classname="tests.AmazonTests" name="testHomePage" time="3.512"/>
  <testcase classname="tests.AmazonTests" name="testBrandPage" time="2.556"/>
  <testcase classname="tests.AmazonTests" name="testSortingPage" time="9.262"/>
  <testcase classname="tests.AmazonTests" name="testSortedTVListPage" time="0.117"/>
  <testcase classname="tests.AmazonTests" name="testSelectedTVPage" time="29.148"/>
</testsuite> <!-- Default test -->
