<?xml version="1.0" encoding="UTF-8"?>
<!-- Generated by org.testng.reporters.JUnitXMLReporter -->
<testsuite ignored="0" hostname="belestiy" failures="0" tests="5" name="Test" time="62.751" errors="0" timestamp="2022-11-01T09:30:57 EAT">
  <testcase classname="tests.AmazonTests" name="testHomePage" time="2.274"/>
  <testcase classname="tests.AmazonTests" name="testBrandPage" time="3.036"/>
  <testcase classname="tests.AmazonTests" name="testSortingPage" time="9.374"/>
  <testcase classname="tests.AmazonTests" name="testSortedTVListPage" time="0.14"/>
  <testcase classname="tests.AmazonTests" name="testSelectedTVPage" time="33.667"/>
</testsuite> <!-- Test -->
