<?xml version="1.0" encoding="UTF-8"?>
<testng-results ignored="0" total="5" passed="5" failed="0" skipped="0">
  <reporter-output>
  </reporter-output>
  <suite started-at="2022-11-01T09:29:54 EAT" name="Suite" finished-at="2022-11-01T09:30:57 EAT" duration-ms="62751">
    <groups>
    </groups>
    <test started-at="2022-11-01T09:29:54 EAT" name="Test" finished-at="2022-11-01T09:30:57 EAT" duration-ms="62751">
      <class name="tests.AmazonTests">
        <test-method is-config="true" signature="setup()[pri:0, instance:tests.AmazonTests@36328d33]" started-at="2022-11-01T09:29:54 EAT" name="setup" finished-at="2022-11-01T09:30:08 EAT" duration-ms="14021" status="PASS">
          <reporter-output>
          </reporter-output>
        </test-method> <!-- setup -->
        <test-method signature="testHomePage()[pri:1, instance:tests.AmazonTests@36328d33]" started-at="2022-11-01T09:30:08 EAT" name="testHomePage" finished-at="2022-11-01T09:30:10 EAT" duration-ms="2274" status="PASS">
          <reporter-output>
          </reporter-output>
        </test-method> <!-- testHomePage -->
        <test-method signature="testBrandPage()[pri:2, instance:tests.AmazonTests@36328d33]" started-at="2022-11-01T09:30:10 EAT" name="testBrandPage" finished-at="2022-11-01T09:30:13 EAT" duration-ms="3036" status="PASS">
          <reporter-output>
          </reporter-output>
        </test-method> <!-- testBrandPage -->
        <test-method signature="testSortingPage()[pri:3, instance:tests.AmazonTests@36328d33]" started-at="2022-11-01T09:30:13 EAT" name="testSortingPage" finished-at="2022-11-01T09:30:23 EAT" duration-ms="9374" status="PASS">
          <reporter-output>
          </reporter-output>
        </test-method> <!-- testSortingPage -->
        <test-method signature="testSortedTVListPage()[pri:4, instance:tests.AmazonTests@36328d33]" started-at="2022-11-01T09:30:23 EAT" name="testSortedTVListPage" finished-at="2022-11-01T09:30:23 EAT" duration-ms="140" status="PASS">
          <reporter-output>
          </reporter-output>
        </test-method> <!-- testSortedTVListPage -->
        <test-method signature="testSelectedTVPage()[pri:5, instance:tests.AmazonTests@36328d33]" started-at="2022-11-01T09:30:23 EAT" name="testSelectedTVPage" finished-at="2022-11-01T09:30:57 EAT" duration-ms="33667" status="PASS">
          <reporter-output>
          </reporter-output>
        </test-method> <!-- testSelectedTVPage -->
        <test-method is-config="true" signature="terminate()[pri:0, instance:tests.AmazonTests@36328d33]" started-at="2022-11-01T09:30:57 EAT" name="terminate" finished-at="2022-11-01T09:30:57 EAT" duration-ms="191" status="PASS">
          <reporter-output>
          </reporter-output>
        </test-method> <!-- terminate -->
      </class> <!-- tests.AmazonTests -->
    </test> <!-- Test -->
  </suite> <!-- Suite -->
</testng-results>
